<?xml version="1.0" encoding="UTF-8"?>
<!-- Generated by org.testng.reporters.JUnitReportReporter -->
<testsuite hostname="Suadas-MacBook-Pro.local" failures="0" tests="1" name="suadatest.pageobjects.account_creation" time="9.356" errors="0" timestamp="2023-08-14T19:25:27 CEST" skipped="0">
  <testcase classname="suadatest.pageobjects.account_creation" name="LogIn" time="9.356"/>
</testsuite> <!-- suadatest.pageobjects.account_creation -->
