<?xml version="1.0" encoding="UTF-8"?>
<!-- Generated by org.testng.reporters.JUnitReportReporter -->
<testsuite hostname="Suadas-MacBook-Pro.local" failures="0" tests="1" name="suadatest.pageobjects.LogIn" time="11.227" errors="0" timestamp="2023-08-14T18:27:09 CEST" skipped="0">
  <testcase classname="suadatest.pageobjects.LogIn" name="LogIn" time="11.227"/>
</testsuite> <!-- suadatest.pageobjects.LogIn -->
