<?xml version="1.0" encoding="UTF-8"?>
<!-- Generated by org.testng.reporters.JUnitReportReporter -->
<testsuite hostname="Suadas-MacBook-Pro.local" failures="0" tests="1" name="suadatest.account_creation" time="32.258" errors="0" timestamp="2023-08-18T09:19:42 CEST" skipped="0">
  <testcase classname="suadatest.account_creation" name="CreateAccount" time="32.258"/>
</testsuite> <!-- suadatest.account_creation -->
