<?xml version="1.0" encoding="UTF-8"?>
<!-- Generated by org.testng.reporters.JUnitReportReporter -->
<testsuite hostname="Suadas-MacBook-Pro.local" failures="0" tests="1" name="suadatest.Filtering" time="16.668" errors="0" timestamp="2023-08-18T09:21:16 CEST" skipped="0">
  <testcase classname="suadatest.Filtering" name="filter" time="16.668"/>
</testsuite> <!-- suadatest.Filtering -->
