<?xml version="1.0" encoding="UTF-8"?>
<!-- Generated by org.testng.reporters.JUnitReportReporter -->
<testsuite hostname="Suadas-MacBook-Pro.local" failures="0" tests="1" name="Suada.LogIn" time="11.272" errors="0" timestamp="2023-08-14T12:31:16 CEST" skipped="0">
  <testcase classname="Suada.LogIn" name="LogIn" time="11.272"/>
</testsuite> <!-- Suada.LogIn -->
